{"contracts/ERC721Lockable.sol":{"l":{"34":2,"35":2,"37":1,"41":0,"42":0,"46":6,"47":1,"52":2,"53":0,"59":3,"60":300,"65":4,"66":4,"67":4,"71":2,"72":2,"73":2,"77":3},"path":"/Users/flo/Documents/Evermore/evermore-marketplace-solidity-sc/contracts/ERC721Lockable.sol","s":{"1":2,"2":2,"3":1,"4":0,"5":0,"6":6,"7":2,"8":3,"9":300,"10":4,"11":4,"12":4,"13":2,"14":2,"15":2,"16":3},"b":{"1":[1,5],"2":[0,2]},"f":{"1":2,"2":0,"3":6,"4":2,"5":3,"6":4,"7":2,"8":3},"fnMap":{"1":{"name":"_beforeTokenTransfer","line":28,"loc":{"start":{"line":28,"column":4},"end":{"line":38,"column":4}}},"2":{"name":"_burn","line":40,"loc":{"start":{"line":40,"column":4},"end":{"line":43,"column":4}}},"3":{"name":"_requireNotLocked","line":45,"loc":{"start":{"line":45,"column":4},"end":{"line":49,"column":4}}},"4":{"name":"_requireLocked","line":51,"loc":{"start":{"line":51,"column":4},"end":{"line":55,"column":4}}},"5":{"name":"_lockAllNFTs","line":57,"loc":{"start":{"line":57,"column":4},"end":{"line":62,"column":4}}},"6":{"name":"_lockNFT","line":64,"loc":{"start":{"line":64,"column":4},"end":{"line":68,"column":4}}},"7":{"name":"_unlockNFT","line":70,"loc":{"start":{"line":70,"column":4},"end":{"line":74,"column":4}}},"8":{"name":"isLocked","line":76,"loc":{"start":{"line":76,"column":4},"end":{"line":78,"column":4}}}},"statementMap":{"1":{"start":{"line":34,"column":8},"end":{"line":34,"column":853}},"2":{"start":{"line":35,"column":12},"end":{"line":35,"column":46}},"3":{"start":{"line":37,"column":8},"end":{"line":37,"column":68}},"4":{"start":{"line":41,"column":8},"end":{"line":41,"column":33}},"5":{"start":{"line":42,"column":8},"end":{"line":42,"column":27}},"6":{"start":{"line":46,"column":8},"end":{"line":46,"column":1250}},"7":{"start":{"line":52,"column":8},"end":{"line":52,"column":1412}},"8":{"start":{"line":59,"column":8},"end":{"line":59,"column":1631}},"9":{"start":{"line":60,"column":10},"end":{"line":60,"column":28}},"10":{"start":{"line":65,"column":8},"end":{"line":65,"column":34}},"11":{"start":{"line":66,"column":8},"end":{"line":66,"column":33}},"12":{"start":{"line":67,"column":8},"end":{"line":67,"column":34}},"13":{"start":{"line":71,"column":8},"end":{"line":71,"column":31}},"14":{"start":{"line":72,"column":8},"end":{"line":72,"column":34}},"15":{"start":{"line":73,"column":8},"end":{"line":73,"column":34}},"16":{"start":{"line":77,"column":8},"end":{"line":77,"column":34}}},"branchMap":{"1":{"line":46,"type":"if","locations":[{"start":{"line":46,"column":8},"end":{"line":46,"column":8}},{"start":{"line":46,"column":8},"end":{"line":46,"column":8}}]},"2":{"line":52,"type":"if","locations":[{"start":{"line":52,"column":8},"end":{"line":52,"column":8}},{"start":{"line":52,"column":8},"end":{"line":52,"column":8}}]}}},"contracts/ERC721MarketplaceLink.sol":{"l":{"24":16,"25":16,"29":2,"30":2,"31":2,"32":2},"path":"/Users/flo/Documents/Evermore/evermore-marketplace-solidity-sc/contracts/ERC721MarketplaceLink.sol","s":{"1":16,"2":16,"3":2,"4":2,"5":2,"6":2},"b":{},"f":{"1":16,"2":2},"fnMap":{"1":{"name":"_setMarketplaceAddress","line":23,"loc":{"start":{"line":23,"column":4},"end":{"line":26,"column":4}}},"2":{"name":"_registerOnMarketplace","line":28,"loc":{"start":{"line":28,"column":4},"end":{"line":33,"column":4}}}},"statementMap":{"1":{"start":{"line":24,"column":8},"end":{"line":24,"column":50}},"2":{"start":{"line":25,"column":8},"end":{"line":25,"column":59}},"3":{"start":{"line":29,"column":8},"end":{"line":29,"column":50}},"4":{"start":{"line":30,"column":8},"end":{"line":30,"column":81}},"5":{"start":{"line":31,"column":8},"end":{"line":31,"column":55}},"6":{"start":{"line":32,"column":8},"end":{"line":32,"column":50}}},"branchMap":{}},"contracts/ERC721UID.sol":{"l":{"34":32,"35":32,"43":2},"path":"/Users/flo/Documents/Evermore/evermore-marketplace-solidity-sc/contracts/ERC721UID.sol","s":{"1":32,"2":32,"3":2},"b":{},"f":{"1":32,"2":2},"fnMap":{"1":{"name":"_setUIDTokens","line":33,"loc":{"start":{"line":33,"column":4},"end":{"line":36,"column":4}}},"2":{"name":"getUIDTokens","line":42,"loc":{"start":{"line":42,"column":4},"end":{"line":44,"column":4}}}},"statementMap":{"1":{"start":{"line":34,"column":8},"end":{"line":34,"column":68}},"2":{"start":{"line":35,"column":8},"end":{"line":35,"column":32}},"3":{"start":{"line":43,"column":8},"end":{"line":43,"column":37}}},"branchMap":{}},"contracts/ERC721URIStorageBeforeMint.sol":{"l":{"26":0,"30":29,"31":29,"38":3,"40":3,"41":3,"44":3,"45":1,"48":2,"49":2,"52":0,"65":290,"66":290,"75":4,"77":4,"78":4},"path":"/Users/flo/Documents/Evermore/evermore-marketplace-solidity-sc/contracts/ERC721URIStorageBeforeMint.sol","s":{"1":0,"2":29,"3":29,"4":3,"5":3,"6":3,"7":3,"8":1,"9":2,"10":2,"11":0,"12":290,"13":290,"14":4,"15":4},"b":{"1":[1,2],"2":[2,0],"3":[4,0]},"f":{"1":0,"2":29,"3":3,"4":290,"5":4},"fnMap":{"1":{"name":"supportsInterface","line":25,"loc":{"start":{"line":25,"column":4},"end":{"line":27,"column":4}}},"2":{"name":"_setBaseURI","line":29,"loc":{"start":{"line":29,"column":4},"end":{"line":32,"column":4}}},"3":{"name":"tokenURI","line":37,"loc":{"start":{"line":37,"column":4},"end":{"line":53,"column":4}}},"4":{"name":"_setTokenURI","line":64,"loc":{"start":{"line":64,"column":4},"end":{"line":67,"column":4}}},"5":{"name":"_burn","line":74,"loc":{"start":{"line":74,"column":4},"end":{"line":80,"column":4}}}},"statementMap":{"1":{"start":{"line":26,"column":8},"end":{"line":26,"column":88}},"2":{"start":{"line":30,"column":8},"end":{"line":30,"column":28}},"3":{"start":{"line":31,"column":8},"end":{"line":31,"column":36}},"4":{"start":{"line":38,"column":8},"end":{"line":38,"column":30}},"5":{"start":{"line":40,"column":8},"end":{"line":40,"column":53}},"6":{"start":{"line":41,"column":8},"end":{"line":41,"column":36}},"7":{"start":{"line":44,"column":8},"end":{"line":44,"column":1282}},"8":{"start":{"line":45,"column":12},"end":{"line":45,"column":28}},"9":{"start":{"line":48,"column":8},"end":{"line":48,"column":1450}},"10":{"start":{"line":49,"column":12},"end":{"line":49,"column":60}},"11":{"start":{"line":52,"column":8},"end":{"line":52,"column":38}},"12":{"start":{"line":65,"column":8},"end":{"line":65,"column":38}},"13":{"start":{"line":66,"column":8},"end":{"line":66,"column":36}},"14":{"start":{"line":75,"column":8},"end":{"line":75,"column":27}},"15":{"start":{"line":77,"column":8},"end":{"line":77,"column":2272}}},"branchMap":{"1":{"line":44,"type":"if","locations":[{"start":{"line":44,"column":8},"end":{"line":44,"column":8}},{"start":{"line":44,"column":8},"end":{"line":44,"column":8}}]},"2":{"line":48,"type":"if","locations":[{"start":{"line":48,"column":8},"end":{"line":48,"column":8}},{"start":{"line":48,"column":8},"end":{"line":48,"column":8}}]},"3":{"line":77,"type":"if","locations":[{"start":{"line":77,"column":8},"end":{"line":77,"column":8}},{"start":{"line":77,"column":8},"end":{"line":77,"column":8}}]}}},"contracts/EvermoreNFT.sol":{"l":{"53":10,"58":2,"70":10,"71":8,"83":26,"84":1,"98":90,"99":90,"100":90,"102":90,"118":26,"119":25,"120":1,"122":24,"123":24,"124":22,"136":5,"137":4,"149":5,"150":4,"162":29,"174":29,"175":29,"176":290,"177":290,"179":29,"180":29,"181":29,"192":1,"202":4,"203":2,"205":4,"218":30,"219":1,"221":29,"222":1,"224":28,"228":4,"238":0,"248":3},"path":"/Users/flo/Documents/Evermore/evermore-marketplace-solidity-sc/contracts/EvermoreNFT.sol","s":{"1":10,"2":10,"3":8,"4":26,"5":90,"6":90,"7":90,"8":90,"9":26,"10":25,"11":24,"12":24,"13":22,"14":5,"15":4,"16":5,"17":4,"18":29,"19":29,"20":29,"21":290,"22":290,"23":29,"24":29,"25":29,"26":1,"27":4,"28":2,"29":4,"30":30,"31":29,"32":28,"33":4,"34":0,"35":3},"b":{"1":[2,8],"2":[8,2],"3":[1,25],"4":[1,24],"5":[2,2],"6":[1,29],"7":[1,28]},"f":{"1":10,"2":10,"3":26,"4":90,"5":26,"6":5,"7":5,"8":29,"9":29,"10":1,"11":4,"12":30,"13":4,"14":0,"15":3},"fnMap":{"1":{"name":"_tokenTrusted","line":52,"loc":{"start":{"line":52,"column":4},"end":{"line":60,"column":4}}},"2":{"name":"_eventTokenTrusted","line":69,"loc":{"start":{"line":69,"column":4},"end":{"line":73,"column":4}}},"3":{"name":"_allowedSignClaim","line":82,"loc":{"start":{"line":82,"column":4},"end":{"line":86,"column":4}}},"4":{"name":"constructor","line":97,"loc":{"start":{"line":95,"column":4},"end":{"line":103,"column":4}}},"5":{"name":"claim","line":117,"loc":{"start":{"line":117,"column":4},"end":{"line":125,"column":4}}},"6":{"name":"addItemEvent","line":135,"loc":{"start":{"line":135,"column":4},"end":{"line":138,"column":4}}},"7":{"name":"addItemCondition","line":148,"loc":{"start":{"line":148,"column":4},"end":{"line":151,"column":4}}},"8":{"name":"setBaseURI","line":161,"loc":{"start":{"line":161,"column":4},"end":{"line":163,"column":4}}},"9":{"name":"addItems","line":172,"loc":{"start":{"line":172,"column":4},"end":{"line":182,"column":4}}},"10":{"name":"setRoyalty","line":191,"loc":{"start":{"line":191,"column":4},"end":{"line":193,"column":4}}},"11":{"name":"burn","line":201,"loc":{"start":{"line":201,"column":4},"end":{"line":206,"column":4}}},"12":{"name":"_beforeTokenTransfer","line":214,"loc":{"start":{"line":214,"column":4},"end":{"line":225,"column":4}}},"13":{"name":"_burn","line":227,"loc":{"start":{"line":227,"column":4},"end":{"line":229,"column":4}}},"14":{"name":"supportsInterface","line":231,"loc":{"start":{"line":231,"column":4},"end":{"line":239,"column":4}}},"15":{"name":"tokenURI","line":241,"loc":{"start":{"line":241,"column":4},"end":{"line":249,"column":4}}}},"statementMap":{"1":{"start":{"line":53,"column":8},"end":{"line":53,"column":2022}},"2":{"start":{"line":70,"column":8},"end":{"line":70,"column":2512}},"3":{"start":{"line":71,"column":12},"end":{"line":71,"column":33}},"4":{"start":{"line":83,"column":8},"end":{"line":83,"column":2857}},"5":{"start":{"line":98,"column":8},"end":{"line":98,"column":51}},"6":{"start":{"line":99,"column":8},"end":{"line":99,"column":38}},"7":{"start":{"line":100,"column":8},"end":{"line":100,"column":40}},"8":{"start":{"line":102,"column":8},"end":{"line":102,"column":44}},"9":{"start":{"line":118,"column":8},"end":{"line":118,"column":73}},"10":{"start":{"line":119,"column":8},"end":{"line":119,"column":4260}},"11":{"start":{"line":122,"column":8},"end":{"line":122,"column":38}},"12":{"start":{"line":123,"column":8},"end":{"line":123,"column":37}},"13":{"start":{"line":124,"column":8},"end":{"line":124,"column":33}},"14":{"start":{"line":136,"column":8},"end":{"line":136,"column":35}},"15":{"start":{"line":137,"column":8},"end":{"line":137,"column":55}},"16":{"start":{"line":149,"column":8},"end":{"line":149,"column":35}},"17":{"start":{"line":150,"column":8},"end":{"line":150,"column":63}},"18":{"start":{"line":162,"column":8},"end":{"line":162,"column":37}},"19":{"start":{"line":174,"column":8},"end":{"line":174,"column":45}},"20":{"start":{"line":175,"column":8},"end":{"line":175,"column":6363}},"21":{"start":{"line":176,"column":12},"end":{"line":176,"column":46}},"22":{"start":{"line":177,"column":12},"end":{"line":177,"column":42}},"23":{"start":{"line":179,"column":8},"end":{"line":179,"column":77}},"24":{"start":{"line":180,"column":8},"end":{"line":180,"column":33}},"25":{"start":{"line":181,"column":8},"end":{"line":181,"column":34}},"26":{"start":{"line":192,"column":8},"end":{"line":192,"column":50}},"27":{"start":{"line":202,"column":8},"end":{"line":202,"column":7311}},"28":{"start":{"line":203,"column":12},"end":{"line":203,"column":33}},"29":{"start":{"line":205,"column":8},"end":{"line":205,"column":21}},"30":{"start":{"line":218,"column":8},"end":{"line":218,"column":7636}},"31":{"start":{"line":221,"column":8},"end":{"line":221,"column":7715}},"32":{"start":{"line":224,"column":8},"end":{"line":224,"column":63}},"33":{"start":{"line":228,"column":8},"end":{"line":228,"column":27}},"34":{"start":{"line":238,"column":8},"end":{"line":238,"column":51}},"35":{"start":{"line":248,"column":8},"end":{"line":248,"column":38}}},"branchMap":{"1":{"line":53,"type":"if","locations":[{"start":{"line":53,"column":8},"end":{"line":53,"column":8}},{"start":{"line":53,"column":8},"end":{"line":53,"column":8}}]},"2":{"line":70,"type":"if","locations":[{"start":{"line":70,"column":8},"end":{"line":70,"column":8}},{"start":{"line":70,"column":8},"end":{"line":70,"column":8}}]},"3":{"line":83,"type":"if","locations":[{"start":{"line":83,"column":8},"end":{"line":83,"column":8}},{"start":{"line":83,"column":8},"end":{"line":83,"column":8}}]},"4":{"line":119,"type":"if","locations":[{"start":{"line":119,"column":8},"end":{"line":119,"column":8}},{"start":{"line":119,"column":8},"end":{"line":119,"column":8}}]},"5":{"line":202,"type":"if","locations":[{"start":{"line":202,"column":8},"end":{"line":202,"column":8}},{"start":{"line":202,"column":8},"end":{"line":202,"column":8}}]},"6":{"line":218,"type":"if","locations":[{"start":{"line":218,"column":8},"end":{"line":218,"column":8}},{"start":{"line":218,"column":8},"end":{"line":218,"column":8}}]},"7":{"line":221,"type":"if","locations":[{"start":{"line":221,"column":8},"end":{"line":221,"column":8}},{"start":{"line":221,"column":8},"end":{"line":221,"column":8}}]}}},"contracts/HistoryStorage.sol":{"l":{"27":8,"31":8,"35":90,"39":4,"40":4,"44":4,"45":4,"49":4,"53":4},"path":"/Users/flo/Documents/Evermore/evermore-marketplace-solidity-sc/contracts/HistoryStorage.sol","s":{"1":8,"2":90,"3":4,"4":4,"5":4,"6":4,"7":4,"8":4},"b":{"1":[8,0]},"f":{"1":8,"2":90,"3":4,"4":4,"5":4,"6":4},"fnMap":{"1":{"name":"onlyNFTContract","line":26,"loc":{"start":{"line":26,"column":4},"end":{"line":32,"column":4}}},"2":{"name":"constructor","line":34,"loc":{"start":{"line":34,"column":4},"end":{"line":36,"column":4}}},"3":{"name":"addItemEvent","line":38,"loc":{"start":{"line":38,"column":4},"end":{"line":41,"column":4}}},"4":{"name":"addItemCondition","line":43,"loc":{"start":{"line":43,"column":4},"end":{"line":46,"column":4}}},"5":{"name":"getItemEvents","line":48,"loc":{"start":{"line":48,"column":4},"end":{"line":50,"column":4}}},"6":{"name":"getItemConditions","line":52,"loc":{"start":{"line":52,"column":4},"end":{"line":54,"column":4}}}},"statementMap":{"1":{"start":{"line":27,"column":8},"end":{"line":27,"column":1000}},"2":{"start":{"line":35,"column":8},"end":{"line":35,"column":34}},"3":{"start":{"line":39,"column":8},"end":{"line":39,"column":43}},"4":{"start":{"line":40,"column":8},"end":{"line":40,"column":48}},"5":{"start":{"line":44,"column":8},"end":{"line":44,"column":51}},"6":{"start":{"line":45,"column":8},"end":{"line":45,"column":56}},"7":{"start":{"line":49,"column":8},"end":{"line":49,"column":35}},"8":{"start":{"line":53,"column":8},"end":{"line":53,"column":39}}},"branchMap":{"1":{"line":27,"type":"if","locations":[{"start":{"line":27,"column":8},"end":{"line":27,"column":8}},{"start":{"line":27,"column":8},"end":{"line":27,"column":8}}]}}},"contracts/Marketplace.sol":{"l":{"91":0,"92":0,"94":0,"101":2,"102":0,"104":2,"108":0,"109":0,"110":0,"112":0,"119":0,"120":0,"121":0,"123":0,"131":0,"132":0,"133":0,"134":0,"136":0,"144":2,"145":2,"146":2,"147":0,"149":2,"153":2,"154":2,"155":2,"157":0,"178":2,"179":2,"181":2,"182":2,"185":2,"186":2,"188":2,"205":0,"208":0,"209":0,"210":0,"212":0,"213":0,"214":0,"219":0,"220":0,"221":0,"223":0,"224":0,"225":0,"230":0,"248":0,"249":0,"251":0,"252":0,"253":0,"255":0,"256":0,"258":0,"259":0,"260":0,"262":0,"275":0,"276":0,"277":0,"294":0,"295":0,"296":0,"297":0,"299":0,"300":0,"304":0,"305":0,"306":0,"309":0,"311":0,"312":0,"313":0,"314":0,"315":0,"334":0,"335":0,"337":0,"338":0,"345":0,"346":0,"347":0,"349":0,"350":0,"351":0,"352":0,"360":0,"361":0,"362":0,"377":0,"378":0,"380":0,"381":0,"382":0,"383":0,"384":0,"385":0,"386":0,"391":0,"392":0,"393":0,"394":0,"395":0,"396":0,"397":0,"398":0,"399":0,"403":0,"411":0,"412":0,"414":0,"415":0,"416":0,"417":0,"418":0,"422":0,"423":0,"424":0,"425":0,"426":0,"427":0,"428":0,"429":0,"432":0,"441":0,"442":0,"444":0,"445":0,"446":0,"447":0,"448":0,"449":0,"450":0,"455":0,"456":0,"457":0,"458":0,"459":0,"460":0,"461":0,"462":0,"463":0,"467":0,"471":0,"479":2,"483":0,"487":0,"491":0},"path":"/Users/flo/Documents/Evermore/evermore-marketplace-solidity-sc/contracts/Marketplace.sol","s":{"1":0,"2":2,"3":0,"4":0,"5":0,"6":0,"7":0,"8":0,"9":0,"10":2,"11":2,"12":2,"13":2,"14":2,"15":2,"16":0,"17":2,"18":2,"19":2,"20":2,"21":2,"22":2,"23":2,"24":0,"25":0,"26":0,"27":0,"28":0,"29":0,"30":0,"31":0,"32":0,"33":0,"34":0,"35":0,"36":0,"37":0,"38":0,"39":0,"40":0,"41":0,"42":0,"43":0,"44":0,"45":0,"46":0,"47":0,"48":0,"49":0,"50":0,"51":0,"52":0,"53":0,"54":0,"55":0,"56":0,"57":0,"58":0,"59":0,"60":0,"61":0,"62":0,"63":0,"64":0,"65":0,"66":0,"67":0,"68":0,"69":0,"70":0,"71":0,"72":0,"73":0,"74":0,"75":0,"76":0,"77":0,"78":0,"79":0,"80":0,"81":0,"82":0,"83":0,"84":0,"85":0,"86":0,"87":0,"88":0,"89":0,"90":0,"91":0,"92":0,"93":0,"94":0,"95":0,"96":0,"97":0,"98":0,"99":0,"100":0,"101":0,"102":0,"103":0,"104":0,"105":0,"106":0,"107":0,"108":0,"109":0,"110":0,"111":0,"112":0,"113":0,"114":0,"115":0,"116":0,"117":0,"118":0,"119":0,"120":0,"121":0,"122":0,"123":0,"124":0,"125":0,"126":0,"127":2,"128":0,"129":0,"130":0},"b":{"1":[0,0],"2":[0,2],"3":[0,0],"4":[0,0],"5":[0,0],"6":[0,2],"7":[2,0],"8":[2,0],"9":[0,0],"10":[0,0],"11":[0,0],"12":[0,0],"13":[0,0],"14":[0,0],"15":[0,0],"16":[0,0],"17":[0,0],"18":[0,0],"19":[0,0],"20":[0,0],"21":[0,0],"22":[0,0],"23":[0,0],"24":[0,0]},"f":{"1":0,"2":2,"3":0,"4":0,"5":0,"6":2,"7":2,"8":2,"9":0,"10":0,"11":0,"12":0,"13":0,"14":0,"15":0,"16":0,"17":0,"18":0,"19":0,"20":2,"21":0,"22":0,"23":0},"fnMap":{"1":{"name":"shouldBeRegistered","line":90,"loc":{"start":{"line":90,"column":4},"end":{"line":95,"column":4}}},"2":{"name":"shouldNotBeRegistered","line":97,"loc":{"start":{"line":97,"column":4},"end":{"line":105,"column":4}}},"3":{"name":"isListed","line":107,"loc":{"start":{"line":107,"column":4},"end":{"line":113,"column":4}}},"4":{"name":"notListed","line":115,"loc":{"start":{"line":115,"column":4},"end":{"line":124,"column":4}}},"5":{"name":"isOwner","line":126,"loc":{"start":{"line":126,"column":4},"end":{"line":137,"column":4}}},"6":{"name":"isOwnerOrContract","line":139,"loc":{"start":{"line":139,"column":4},"end":{"line":150,"column":4}}},"7":{"name":"_isRegistered","line":152,"loc":{"start":{"line":152,"column":4},"end":{"line":158,"column":4}}},"8":{"name":"registerItem","line":175,"loc":{"start":{"line":169,"column":4},"end":{"line":189,"column":4}}},"9":{"name":"unregisterItem","line":202,"loc":{"start":{"line":196,"column":4},"end":{"line":231,"column":4}}},"10":{"name":"listItem","line":246,"loc":{"start":{"line":239,"column":4},"end":{"line":263,"column":4}}},"11":{"name":"cancelListing","line":273,"loc":{"start":{"line":270,"column":4},"end":{"line":278,"column":4}}},"12":{"name":"buyItem","line":292,"loc":{"start":{"line":288,"column":4},"end":{"line":316,"column":4}}},"13":{"name":"updateListing","line":332,"loc":{"start":{"line":324,"column":4},"end":{"line":339,"column":4}}},"14":{"name":"withdrawProceeds","line":344,"loc":{"start":{"line":344,"column":4},"end":{"line":353,"column":4}}},"15":{"name":"setEvermoreFees","line":359,"loc":{"start":{"line":359,"column":4},"end":{"line":363,"column":4}}},"16":{"name":"fetchListedItems","line":376,"loc":{"start":{"line":376,"column":4},"end":{"line":404,"column":4}}},"17":{"name":"fetchAllItems","line":410,"loc":{"start":{"line":410,"column":4},"end":{"line":433,"column":4}}},"18":{"name":"fetchUserItems","line":440,"loc":{"start":{"line":440,"column":4},"end":{"line":468,"column":4}}},"19":{"name":"fetchMyItems","line":470,"loc":{"start":{"line":470,"column":4},"end":{"line":472,"column":4}}},"20":{"name":"getNFTListing","line":474,"loc":{"start":{"line":474,"column":4},"end":{"line":480,"column":4}}},"21":{"name":"getSellerProceeds","line":482,"loc":{"start":{"line":482,"column":4},"end":{"line":484,"column":4}}},"22":{"name":"getMarketplaceFees","line":486,"loc":{"start":{"line":486,"column":4},"end":{"line":488,"column":4}}},"23":{"name":"getKnownNFTAddresses","line":490,"loc":{"start":{"line":490,"column":4},"end":{"line":492,"column":4}}}},"statementMap":{"1":{"start":{"line":91,"column":8},"end":{"line":91,"column":2519}},"2":{"start":{"line":101,"column":8},"end":{"line":101,"column":2755}},"3":{"start":{"line":108,"column":8},"end":{"line":108,"column":66}},"4":{"start":{"line":109,"column":8},"end":{"line":109,"column":3027}},"5":{"start":{"line":119,"column":8},"end":{"line":119,"column":66}},"6":{"start":{"line":120,"column":8},"end":{"line":120,"column":3324}},"7":{"start":{"line":131,"column":8},"end":{"line":131,"column":42}},"8":{"start":{"line":132,"column":8},"end":{"line":132,"column":45}},"9":{"start":{"line":133,"column":8},"end":{"line":133,"column":3669}},"10":{"start":{"line":144,"column":8},"end":{"line":144,"column":42}},"11":{"start":{"line":145,"column":8},"end":{"line":145,"column":45}},"12":{"start":{"line":146,"column":8},"end":{"line":146,"column":3968}},"13":{"start":{"line":153,"column":8},"end":{"line":153,"column":66}},"14":{"start":{"line":154,"column":8},"end":{"line":154,"column":4255}},"15":{"start":{"line":155,"column":12},"end":{"line":155,"column":24}},"16":{"start":{"line":157,"column":8},"end":{"line":157,"column":19}},"17":{"start":{"line":178,"column":8},"end":{"line":178,"column":42}},"18":{"start":{"line":179,"column":8},"end":{"line":179,"column":46}},"19":{"start":{"line":181,"column":8},"end":{"line":181,"column":4931}},"20":{"start":{"line":182,"column":12},"end":{"line":182,"column":42}},"21":{"start":{"line":185,"column":8},"end":{"line":185,"column":53}},"22":{"start":{"line":186,"column":8},"end":{"line":186,"column":91}},"23":{"start":{"line":188,"column":8},"end":{"line":188,"column":58}},"24":{"start":{"line":208,"column":8},"end":{"line":208,"column":68}},"25":{"start":{"line":209,"column":8},"end":{"line":209,"column":5931}},"26":{"start":{"line":210,"column":12},"end":{"line":210,"column":5995}},"27":{"start":{"line":212,"column":16},"end":{"line":212,"column":58}},"28":{"start":{"line":213,"column":16},"end":{"line":213,"column":29}},"29":{"start":{"line":219,"column":8},"end":{"line":219,"column":6328}},"30":{"start":{"line":220,"column":12},"end":{"line":220,"column":6372}},"31":{"start":{"line":221,"column":16},"end":{"line":221,"column":6445}},"32":{"start":{"line":223,"column":20},"end":{"line":223,"column":77}},"33":{"start":{"line":224,"column":20},"end":{"line":224,"column":38}},"34":{"start":{"line":230,"column":8},"end":{"line":230,"column":64}},"35":{"start":{"line":248,"column":8},"end":{"line":248,"column":7257}},"36":{"start":{"line":251,"column":8},"end":{"line":251,"column":42}},"37":{"start":{"line":252,"column":8},"end":{"line":252,"column":7381}},"38":{"start":{"line":253,"column":12},"end":{"line":253,"column":46}},"39":{"start":{"line":255,"column":8},"end":{"line":255,"column":7492}},"40":{"start":{"line":258,"column":8},"end":{"line":258,"column":70}},"41":{"start":{"line":259,"column":8},"end":{"line":259,"column":40}},"42":{"start":{"line":260,"column":8},"end":{"line":260,"column":32}},"43":{"start":{"line":262,"column":8},"end":{"line":262,"column":66}},"44":{"start":{"line":275,"column":8},"end":{"line":275,"column":70}},"45":{"start":{"line":276,"column":8},"end":{"line":276,"column":41}},"46":{"start":{"line":277,"column":8},"end":{"line":277,"column":60}},"47":{"start":{"line":294,"column":8},"end":{"line":294,"column":70}},"48":{"start":{"line":295,"column":8},"end":{"line":295,"column":42}},"49":{"start":{"line":296,"column":8},"end":{"line":296,"column":8977}},"50":{"start":{"line":299,"column":8},"end":{"line":299,"column":9104}},"51":{"start":{"line":304,"column":8},"end":{"line":304,"column":54}},"52":{"start":{"line":305,"column":8},"end":{"line":305,"column":57}},"53":{"start":{"line":306,"column":8},"end":{"line":306,"column":90}},"54":{"start":{"line":309,"column":8},"end":{"line":309,"column":90}},"55":{"start":{"line":311,"column":8},"end":{"line":311,"column":90}},"56":{"start":{"line":312,"column":8},"end":{"line":312,"column":41}},"57":{"start":{"line":313,"column":8},"end":{"line":313,"column":37}},"58":{"start":{"line":314,"column":8},"end":{"line":314,"column":50}},"59":{"start":{"line":315,"column":8},"end":{"line":315,"column":76}},"60":{"start":{"line":334,"column":8},"end":{"line":334,"column":10344}},"61":{"start":{"line":337,"column":8},"end":{"line":337,"column":58}},"62":{"start":{"line":338,"column":8},"end":{"line":338,"column":69}},"63":{"start":{"line":345,"column":8},"end":{"line":345,"column":49}},"64":{"start":{"line":346,"column":8},"end":{"line":346,"column":10733}},"65":{"start":{"line":349,"column":8},"end":{"line":349,"column":33}},"66":{"start":{"line":350,"column":8},"end":{"line":350,"column":72}},"67":{"start":{"line":351,"column":8},"end":{"line":351,"column":42}},"68":{"start":{"line":352,"column":8},"end":{"line":352,"column":42}},"69":{"start":{"line":360,"column":8},"end":{"line":360,"column":61}},"70":{"start":{"line":361,"column":8},"end":{"line":361,"column":31}},"71":{"start":{"line":362,"column":8},"end":{"line":362,"column":22}},"72":{"start":{"line":377,"column":6},"end":{"line":377,"column":27}},"73":{"start":{"line":378,"column":6},"end":{"line":378,"column":30}},"74":{"start":{"line":380,"column":6},"end":{"line":380,"column":11753}},"75":{"start":{"line":381,"column":8},"end":{"line":381,"column":46}},"76":{"start":{"line":382,"column":8},"end":{"line":382,"column":62}},"77":{"start":{"line":383,"column":8},"end":{"line":383,"column":11928}},"78":{"start":{"line":384,"column":10},"end":{"line":384,"column":66}},"79":{"start":{"line":385,"column":10},"end":{"line":385,"column":12048}},"80":{"start":{"line":386,"column":12},"end":{"line":386,"column":25}},"81":{"start":{"line":391,"column":6},"end":{"line":391,"column":61}},"82":{"start":{"line":392,"column":6},"end":{"line":392,"column":12203}},"83":{"start":{"line":393,"column":8},"end":{"line":393,"column":46}},"84":{"start":{"line":394,"column":8},"end":{"line":394,"column":62}},"85":{"start":{"line":395,"column":8},"end":{"line":395,"column":12378}},"86":{"start":{"line":396,"column":10},"end":{"line":396,"column":66}},"87":{"start":{"line":397,"column":10},"end":{"line":397,"column":12501}},"88":{"start":{"line":398,"column":12},"end":{"line":398,"column":46}},"89":{"start":{"line":399,"column":12},"end":{"line":399,"column":28}},"90":{"start":{"line":403,"column":6},"end":{"line":403,"column":24}},"91":{"start":{"line":411,"column":6},"end":{"line":411,"column":27}},"92":{"start":{"line":412,"column":6},"end":{"line":412,"column":30}},"93":{"start":{"line":414,"column":6},"end":{"line":414,"column":12927}},"94":{"start":{"line":415,"column":8},"end":{"line":415,"column":46}},"95":{"start":{"line":416,"column":8},"end":{"line":416,"column":62}},"96":{"start":{"line":417,"column":8},"end":{"line":417,"column":13102}},"97":{"start":{"line":418,"column":10},"end":{"line":418,"column":23}},"98":{"start":{"line":422,"column":6},"end":{"line":422,"column":56}},"99":{"start":{"line":423,"column":6},"end":{"line":423,"column":13249}},"100":{"start":{"line":424,"column":8},"end":{"line":424,"column":46}},"101":{"start":{"line":425,"column":8},"end":{"line":425,"column":62}},"102":{"start":{"line":426,"column":8},"end":{"line":426,"column":13424}},"103":{"start":{"line":427,"column":10},"end":{"line":427,"column":66}},"104":{"start":{"line":428,"column":10},"end":{"line":428,"column":39}},"105":{"start":{"line":429,"column":10},"end":{"line":429,"column":26}},"106":{"start":{"line":432,"column":6},"end":{"line":432,"column":19}},"107":{"start":{"line":441,"column":6},"end":{"line":441,"column":27}},"108":{"start":{"line":442,"column":6},"end":{"line":442,"column":30}},"109":{"start":{"line":444,"column":6},"end":{"line":444,"column":13971}},"110":{"start":{"line":445,"column":8},"end":{"line":445,"column":46}},"111":{"start":{"line":446,"column":8},"end":{"line":446,"column":62}},"112":{"start":{"line":447,"column":8},"end":{"line":447,"column":14146}},"113":{"start":{"line":448,"column":10},"end":{"line":448,"column":66}},"114":{"start":{"line":449,"column":10},"end":{"line":449,"column":14266}},"115":{"start":{"line":450,"column":12},"end":{"line":450,"column":25}},"116":{"start":{"line":455,"column":6},"end":{"line":455,"column":56}},"117":{"start":{"line":456,"column":6},"end":{"line":456,"column":14423}},"118":{"start":{"line":457,"column":8},"end":{"line":457,"column":46}},"119":{"start":{"line":458,"column":8},"end":{"line":458,"column":62}},"120":{"start":{"line":459,"column":8},"end":{"line":459,"column":14598}},"121":{"start":{"line":460,"column":10},"end":{"line":460,"column":66}},"122":{"start":{"line":461,"column":10},"end":{"line":461,"column":14721}},"123":{"start":{"line":462,"column":10},"end":{"line":462,"column":39}},"124":{"start":{"line":463,"column":12},"end":{"line":463,"column":28}},"125":{"start":{"line":467,"column":6},"end":{"line":467,"column":19}},"126":{"start":{"line":471,"column":6},"end":{"line":471,"column":39}},"127":{"start":{"line":479,"column":8},"end":{"line":479,"column":48}},"128":{"start":{"line":483,"column":8},"end":{"line":483,"column":34}},"129":{"start":{"line":487,"column":8},"end":{"line":487,"column":28}},"130":{"start":{"line":491,"column":8},"end":{"line":491,"column":28}}},"branchMap":{"1":{"line":91,"type":"if","locations":[{"start":{"line":91,"column":8},"end":{"line":91,"column":8}},{"start":{"line":91,"column":8},"end":{"line":91,"column":8}}]},"2":{"line":101,"type":"if","locations":[{"start":{"line":101,"column":8},"end":{"line":101,"column":8}},{"start":{"line":101,"column":8},"end":{"line":101,"column":8}}]},"3":{"line":109,"type":"if","locations":[{"start":{"line":109,"column":8},"end":{"line":109,"column":8}},{"start":{"line":109,"column":8},"end":{"line":109,"column":8}}]},"4":{"line":120,"type":"if","locations":[{"start":{"line":120,"column":8},"end":{"line":120,"column":8}},{"start":{"line":120,"column":8},"end":{"line":120,"column":8}}]},"5":{"line":133,"type":"if","locations":[{"start":{"line":133,"column":8},"end":{"line":133,"column":8}},{"start":{"line":133,"column":8},"end":{"line":133,"column":8}}]},"6":{"line":146,"type":"if","locations":[{"start":{"line":146,"column":8},"end":{"line":146,"column":8}},{"start":{"line":146,"column":8},"end":{"line":146,"column":8}}]},"7":{"line":154,"type":"if","locations":[{"start":{"line":154,"column":8},"end":{"line":154,"column":8}},{"start":{"line":154,"column":8},"end":{"line":154,"column":8}}]},"8":{"line":181,"type":"if","locations":[{"start":{"line":181,"column":8},"end":{"line":181,"column":8}},{"start":{"line":181,"column":8},"end":{"line":181,"column":8}}]},"9":{"line":210,"type":"if","locations":[{"start":{"line":210,"column":12},"end":{"line":210,"column":12}},{"start":{"line":210,"column":12},"end":{"line":210,"column":12}}]},"10":{"line":219,"type":"if","locations":[{"start":{"line":219,"column":8},"end":{"line":219,"column":8}},{"start":{"line":219,"column":8},"end":{"line":219,"column":8}}]},"11":{"line":221,"type":"if","locations":[{"start":{"line":221,"column":16},"end":{"line":221,"column":16}},{"start":{"line":221,"column":16},"end":{"line":221,"column":16}}]},"12":{"line":248,"type":"if","locations":[{"start":{"line":248,"column":8},"end":{"line":248,"column":8}},{"start":{"line":248,"column":8},"end":{"line":248,"column":8}}]},"13":{"line":252,"type":"if","locations":[{"start":{"line":252,"column":8},"end":{"line":252,"column":8}},{"start":{"line":252,"column":8},"end":{"line":252,"column":8}}]},"14":{"line":255,"type":"if","locations":[{"start":{"line":255,"column":8},"end":{"line":255,"column":8}},{"start":{"line":255,"column":8},"end":{"line":255,"column":8}}]},"15":{"line":296,"type":"if","locations":[{"start":{"line":296,"column":8},"end":{"line":296,"column":8}},{"start":{"line":296,"column":8},"end":{"line":296,"column":8}}]},"16":{"line":299,"type":"if","locations":[{"start":{"line":299,"column":8},"end":{"line":299,"column":8}},{"start":{"line":299,"column":8},"end":{"line":299,"column":8}}]},"17":{"line":334,"type":"if","locations":[{"start":{"line":334,"column":8},"end":{"line":334,"column":8}},{"start":{"line":334,"column":8},"end":{"line":334,"column":8}}]},"18":{"line":346,"type":"if","locations":[{"start":{"line":346,"column":8},"end":{"line":346,"column":8}},{"start":{"line":346,"column":8},"end":{"line":346,"column":8}}]},"19":{"line":351,"type":"if","locations":[{"start":{"line":351,"column":8},"end":{"line":351,"column":8}},{"start":{"line":351,"column":8},"end":{"line":351,"column":8}}]},"20":{"line":360,"type":"if","locations":[{"start":{"line":360,"column":8},"end":{"line":360,"column":8}},{"start":{"line":360,"column":8},"end":{"line":360,"column":8}}]},"21":{"line":385,"type":"if","locations":[{"start":{"line":385,"column":10},"end":{"line":385,"column":10}},{"start":{"line":385,"column":10},"end":{"line":385,"column":10}}]},"22":{"line":397,"type":"if","locations":[{"start":{"line":397,"column":10},"end":{"line":397,"column":10}},{"start":{"line":397,"column":10},"end":{"line":397,"column":10}}]},"23":{"line":449,"type":"if","locations":[{"start":{"line":449,"column":10},"end":{"line":449,"column":10}},{"start":{"line":449,"column":10},"end":{"line":449,"column":10}}]},"24":{"line":461,"type":"if","locations":[{"start":{"line":461,"column":10},"end":{"line":461,"column":10}},{"start":{"line":461,"column":10},"end":{"line":461,"column":10}}]}}},"contracts/mocks/ERC721LocakbleMock.sol":{"l":{"11":18,"12":3,"17":4,"21":2,"25":2},"path":"/Users/flo/Documents/Evermore/evermore-marketplace-solidity-sc/contracts/mocks/ERC721LocakbleMock.sol","s":{"1":18,"2":3,"3":4,"4":2,"5":2},"b":{"1":[3,15]},"f":{"1":18,"2":4,"3":2,"4":2},"fnMap":{"1":{"name":"constructor","line":10,"loc":{"start":{"line":10,"column":4},"end":{"line":14,"column":4}}},"2":{"name":"lockNFT","line":16,"loc":{"start":{"line":16,"column":4},"end":{"line":18,"column":4}}},"3":{"name":"unlockNFT","line":20,"loc":{"start":{"line":20,"column":4},"end":{"line":22,"column":4}}},"4":{"name":"mint","line":24,"loc":{"start":{"line":24,"column":4},"end":{"line":26,"column":4}}}},"statementMap":{"1":{"start":{"line":11,"column":8},"end":{"line":11,"column":268}},"2":{"start":{"line":12,"column":12},"end":{"line":12,"column":37}},"3":{"start":{"line":17,"column":8},"end":{"line":17,"column":24}},"4":{"start":{"line":21,"column":8},"end":{"line":21,"column":26}},"5":{"start":{"line":25,"column":8},"end":{"line":25,"column":29}}},"branchMap":{"1":{"line":11,"type":"if","locations":[{"start":{"line":11,"column":8},"end":{"line":11,"column":8}},{"start":{"line":11,"column":8},"end":{"line":11,"column":8}}]}}},"contracts/mocks/ERC721MarketplaceLinkMock.sol":{"l":{"10":15,"14":2,"15":2,"19":1},"path":"/Users/flo/Documents/Evermore/evermore-marketplace-solidity-sc/contracts/mocks/ERC721MarketplaceLinkMock.sol","s":{"1":15,"2":2,"3":2,"4":1},"b":{},"f":{"1":15,"2":2,"3":1},"fnMap":{"1":{"name":"constructor","line":9,"loc":{"start":{"line":9,"column":4},"end":{"line":11,"column":4}}},"2":{"name":"mint","line":13,"loc":{"start":{"line":13,"column":4},"end":{"line":16,"column":4}}},"3":{"name":"setMarketplaceAddress","line":18,"loc":{"start":{"line":18,"column":4},"end":{"line":20,"column":4}}}},"statementMap":{"1":{"start":{"line":10,"column":8},"end":{"line":10,"column":53}},"2":{"start":{"line":14,"column":8},"end":{"line":14,"column":29}},"3":{"start":{"line":15,"column":8},"end":{"line":15,"column":38}},"4":{"start":{"line":19,"column":8},"end":{"line":19,"column":53}}},"branchMap":{}},"contracts/mocks/ERC721UIDMock.sol":{"l":{"16":0,"21":3,"22":3,"23":3},"path":"/Users/flo/Documents/Evermore/evermore-marketplace-solidity-sc/contracts/mocks/ERC721UIDMock.sol","s":{"1":0,"2":3,"3":3,"4":3},"b":{},"f":{"1":3,"2":0,"3":3},"fnMap":{"1":{"name":"constructor","line":12,"loc":{"start":{"line":12,"column":4},"end":{"line":13,"column":4}}},"2":{"name":"mint","line":15,"loc":{"start":{"line":15,"column":4},"end":{"line":17,"column":4}}},"3":{"name":"addItems","line":19,"loc":{"start":{"line":19,"column":4},"end":{"line":24,"column":4}}}},"statementMap":{"1":{"start":{"line":16,"column":8},"end":{"line":16,"column":29}},"2":{"start":{"line":21,"column":8},"end":{"line":21,"column":45}},"3":{"start":{"line":22,"column":8},"end":{"line":22,"column":73}},"4":{"start":{"line":23,"column":8},"end":{"line":23,"column":28}}},"branchMap":{}},"contracts/mocks/EvermoreNFTMock.sol":{"l":{"12":1},"path":"/Users/flo/Documents/Evermore/evermore-marketplace-solidity-sc/contracts/mocks/EvermoreNFTMock.sol","s":{"1":1},"b":{},"f":{"1":3,"2":1},"fnMap":{"1":{"name":"constructor","line":9,"loc":{"start":{"line":9,"column":2},"end":{"line":9,"column":31}}},"2":{"name":"beforeTokenTransfer","line":11,"loc":{"start":{"line":11,"column":2},"end":{"line":13,"column":2}}}},"statementMap":{"1":{"start":{"line":12,"column":4},"end":{"line":12,"column":53}}},"branchMap":{}},"contracts/SignatureLibrary.sol":{"l":{"11":26,"12":26},"path":"/Users/flo/Documents/Evermore/evermore-marketplace-solidity-sc/contracts/SignatureLibrary.sol","s":{"1":26,"2":26},"b":{},"f":{"1":26},"fnMap":{"1":{"name":"recoverSigner","line":10,"loc":{"start":{"line":10,"column":2},"end":{"line":13,"column":4}}}},"statementMap":{"1":{"start":{"line":11,"column":8},"end":{"line":11,"column":101}},"2":{"start":{"line":12,"column":8},"end":{"line":12,"column":54}}},"branchMap":{}}}