{"contracts/ERC721Lockable.sol":{"l":{"34":2,"35":2,"37":1,"41":0,"42":0,"46":6,"47":1,"52":2,"53":0,"59":3,"60":300,"65":4,"66":4,"67":4,"71":2,"72":2,"73":2,"77":3},"path":"/Users/flo/Documents/Evermore/evermore-marketplace-solidity-sc/contracts/ERC721Lockable.sol","s":{"1":2,"2":2,"3":1,"4":0,"5":0,"6":6,"7":2,"8":3,"9":300,"10":4,"11":4,"12":4,"13":2,"14":2,"15":2,"16":3},"b":{"1":[1,5],"2":[0,2]},"f":{"1":2,"2":0,"3":6,"4":2,"5":3,"6":4,"7":2,"8":3},"fnMap":{"1":{"name":"_beforeTokenTransfer","line":28,"loc":{"start":{"line":28,"column":4},"end":{"line":38,"column":4}}},"2":{"name":"_burn","line":40,"loc":{"start":{"line":40,"column":4},"end":{"line":43,"column":4}}},"3":{"name":"_requireNotLocked","line":45,"loc":{"start":{"line":45,"column":4},"end":{"line":49,"column":4}}},"4":{"name":"_requireLocked","line":51,"loc":{"start":{"line":51,"column":4},"end":{"line":55,"column":4}}},"5":{"name":"_lockAllNFTs","line":57,"loc":{"start":{"line":57,"column":4},"end":{"line":62,"column":4}}},"6":{"name":"_lockNFT","line":64,"loc":{"start":{"line":64,"column":4},"end":{"line":68,"column":4}}},"7":{"name":"_unlockNFT","line":70,"loc":{"start":{"line":70,"column":4},"end":{"line":74,"column":4}}},"8":{"name":"isLocked","line":76,"loc":{"start":{"line":76,"column":4},"end":{"line":78,"column":4}}}},"statementMap":{"1":{"start":{"line":34,"column":8},"end":{"line":34,"column":853}},"2":{"start":{"line":35,"column":12},"end":{"line":35,"column":46}},"3":{"start":{"line":37,"column":8},"end":{"line":37,"column":68}},"4":{"start":{"line":41,"column":8},"end":{"line":41,"column":33}},"5":{"start":{"line":42,"column":8},"end":{"line":42,"column":27}},"6":{"start":{"line":46,"column":8},"end":{"line":46,"column":1250}},"7":{"start":{"line":52,"column":8},"end":{"line":52,"column":1412}},"8":{"start":{"line":59,"column":8},"end":{"line":59,"column":1631}},"9":{"start":{"line":60,"column":10},"end":{"line":60,"column":28}},"10":{"start":{"line":65,"column":8},"end":{"line":65,"column":34}},"11":{"start":{"line":66,"column":8},"end":{"line":66,"column":33}},"12":{"start":{"line":67,"column":8},"end":{"line":67,"column":34}},"13":{"start":{"line":71,"column":8},"end":{"line":71,"column":31}},"14":{"start":{"line":72,"column":8},"end":{"line":72,"column":34}},"15":{"start":{"line":73,"column":8},"end":{"line":73,"column":34}},"16":{"start":{"line":77,"column":8},"end":{"line":77,"column":34}}},"branchMap":{"1":{"line":46,"type":"if","locations":[{"start":{"line":46,"column":8},"end":{"line":46,"column":8}},{"start":{"line":46,"column":8},"end":{"line":46,"column":8}}]},"2":{"line":52,"type":"if","locations":[{"start":{"line":52,"column":8},"end":{"line":52,"column":8}},{"start":{"line":52,"column":8},"end":{"line":52,"column":8}}]}}},"contracts/ERC721MarketplaceLink.sol":{"l":{"24":103,"25":103,"29":21,"30":21,"31":21,"32":21},"path":"/Users/flo/Documents/Evermore/evermore-marketplace-solidity-sc/contracts/ERC721MarketplaceLink.sol","s":{"1":103,"2":103,"3":21,"4":21,"5":21,"6":21},"b":{},"f":{"1":103,"2":21},"fnMap":{"1":{"name":"_setMarketplaceAddress","line":23,"loc":{"start":{"line":23,"column":4},"end":{"line":26,"column":4}}},"2":{"name":"_registerOnMarketplace","line":28,"loc":{"start":{"line":28,"column":4},"end":{"line":33,"column":4}}}},"statementMap":{"1":{"start":{"line":24,"column":8},"end":{"line":24,"column":50}},"2":{"start":{"line":25,"column":8},"end":{"line":25,"column":59}},"3":{"start":{"line":29,"column":8},"end":{"line":29,"column":50}},"4":{"start":{"line":30,"column":8},"end":{"line":30,"column":81}},"5":{"start":{"line":31,"column":8},"end":{"line":31,"column":55}},"6":{"start":{"line":32,"column":8},"end":{"line":32,"column":50}}},"branchMap":{}},"contracts/ERC721UID.sol":{"l":{"20":94,"21":94,"30":1,"31":0},"path":"/Users/flo/Documents/Evermore/evermore-marketplace-solidity-sc/contracts/ERC721UID.sol","s":{"1":94,"2":94,"3":1,"4":0},"b":{"1":[0,1]},"f":{"1":94,"2":1},"fnMap":{"1":{"name":"_setbaseUID","line":19,"loc":{"start":{"line":19,"column":4},"end":{"line":22,"column":4}}},"2":{"name":"tokenUID","line":24,"loc":{"start":{"line":24,"column":4},"end":{"line":32,"column":4}}}},"statementMap":{"1":{"start":{"line":20,"column":8},"end":{"line":20,"column":28}},"2":{"start":{"line":21,"column":8},"end":{"line":21,"column":36}},"3":{"start":{"line":30,"column":8},"end":{"line":30,"column":78}},"4":{"start":{"line":31,"column":8},"end":{"line":31,"column":95}}},"branchMap":{"1":{"line":30,"type":"if","locations":[{"start":{"line":30,"column":8},"end":{"line":30,"column":8}},{"start":{"line":30,"column":8},"end":{"line":30,"column":8}}]}}},"contracts/EvermoreNFT.sol":{"l":{"54":10,"59":2,"71":10,"72":8,"84":23,"85":1,"105":87,"106":87,"107":87,"108":87,"109":87,"110":87,"112":87,"128":23,"129":22,"130":1,"132":21,"133":21,"134":19,"135":19,"147":5,"148":4,"160":5,"161":4,"172":29,"173":29,"183":88,"193":89,"194":1,"196":88,"197":88,"208":1,"218":4,"219":2,"221":4,"233":0,"242":27,"243":1,"245":26,"246":1,"248":25,"252":4,"262":0},"path":"/Users/flo/Documents/Evermore/evermore-marketplace-solidity-sc/contracts/EvermoreNFT.sol","s":{"1":10,"2":10,"3":8,"4":23,"5":87,"6":87,"7":87,"8":87,"9":87,"10":87,"11":87,"12":23,"13":22,"14":21,"15":21,"16":19,"17":19,"18":5,"19":4,"20":5,"21":4,"22":29,"23":29,"24":88,"25":89,"26":88,"27":88,"28":1,"29":4,"30":2,"31":4,"32":0,"33":27,"34":26,"35":25,"36":4,"37":0},"b":{"1":[2,8],"2":[8,2],"3":[1,22],"4":[1,21],"5":[1,88],"6":[2,2],"7":[1,26],"8":[1,25]},"f":{"1":10,"2":10,"3":23,"4":87,"5":23,"6":5,"7":5,"8":29,"9":88,"10":89,"11":1,"12":4,"13":0,"14":27,"15":4,"16":0},"fnMap":{"1":{"name":"_tokenTrusted","line":53,"loc":{"start":{"line":53,"column":4},"end":{"line":61,"column":4}}},"2":{"name":"_eventTokenTrusted","line":70,"loc":{"start":{"line":70,"column":4},"end":{"line":74,"column":4}}},"3":{"name":"_allowedSignClaim","line":83,"loc":{"start":{"line":83,"column":4},"end":{"line":87,"column":4}}},"4":{"name":"constructor","line":104,"loc":{"start":{"line":99,"column":4},"end":{"line":113,"column":4}}},"5":{"name":"claim","line":127,"loc":{"start":{"line":127,"column":4},"end":{"line":136,"column":4}}},"6":{"name":"addItemEvent","line":146,"loc":{"start":{"line":146,"column":4},"end":{"line":149,"column":4}}},"7":{"name":"addItemCondition","line":159,"loc":{"start":{"line":159,"column":4},"end":{"line":162,"column":4}}},"8":{"name":"setBaseURI","line":171,"loc":{"start":{"line":171,"column":4},"end":{"line":174,"column":4}}},"9":{"name":"setBaseUID","line":182,"loc":{"start":{"line":182,"column":4},"end":{"line":184,"column":4}}},"10":{"name":"setItemSupply","line":192,"loc":{"start":{"line":192,"column":4},"end":{"line":198,"column":4}}},"11":{"name":"setRoyalty","line":207,"loc":{"start":{"line":207,"column":4},"end":{"line":209,"column":4}}},"12":{"name":"burn","line":217,"loc":{"start":{"line":217,"column":4},"end":{"line":222,"column":4}}},"13":{"name":"tokenURI","line":226,"loc":{"start":{"line":226,"column":4},"end":{"line":234,"column":4}}},"14":{"name":"_beforeTokenTransfer","line":238,"loc":{"start":{"line":238,"column":4},"end":{"line":249,"column":4}}},"15":{"name":"_burn","line":251,"loc":{"start":{"line":251,"column":4},"end":{"line":253,"column":4}}},"16":{"name":"supportsInterface","line":255,"loc":{"start":{"line":255,"column":4},"end":{"line":263,"column":4}}}},"statementMap":{"1":{"start":{"line":54,"column":8},"end":{"line":54,"column":2028}},"2":{"start":{"line":71,"column":8},"end":{"line":71,"column":2518}},"3":{"start":{"line":72,"column":12},"end":{"line":72,"column":33}},"4":{"start":{"line":84,"column":8},"end":{"line":84,"column":2863}},"5":{"start":{"line":105,"column":8},"end":{"line":105,"column":51}},"6":{"start":{"line":106,"column":8},"end":{"line":106,"column":51}},"7":{"start":{"line":107,"column":8},"end":{"line":107,"column":38}},"8":{"start":{"line":108,"column":8},"end":{"line":108,"column":40}},"9":{"start":{"line":109,"column":8},"end":{"line":109,"column":33}},"10":{"start":{"line":110,"column":8},"end":{"line":110,"column":27}},"11":{"start":{"line":112,"column":8},"end":{"line":112,"column":44}},"12":{"start":{"line":128,"column":8},"end":{"line":128,"column":73}},"13":{"start":{"line":129,"column":8},"end":{"line":129,"column":4661}},"14":{"start":{"line":132,"column":8},"end":{"line":132,"column":38}},"15":{"start":{"line":133,"column":8},"end":{"line":133,"column":37}},"16":{"start":{"line":134,"column":8},"end":{"line":134,"column":39}},"17":{"start":{"line":135,"column":8},"end":{"line":135,"column":33}},"18":{"start":{"line":147,"column":8},"end":{"line":147,"column":35}},"19":{"start":{"line":148,"column":8},"end":{"line":148,"column":55}},"20":{"start":{"line":160,"column":8},"end":{"line":160,"column":35}},"21":{"start":{"line":161,"column":8},"end":{"line":161,"column":63}},"22":{"start":{"line":172,"column":8},"end":{"line":172,"column":28}},"23":{"start":{"line":173,"column":8},"end":{"line":173,"column":36}},"24":{"start":{"line":183,"column":8},"end":{"line":183,"column":31}},"25":{"start":{"line":193,"column":8},"end":{"line":193,"column":6881}},"26":{"start":{"line":196,"column":8},"end":{"line":196,"column":30}},"27":{"start":{"line":197,"column":8},"end":{"line":197,"column":34}},"28":{"start":{"line":208,"column":8},"end":{"line":208,"column":50}},"29":{"start":{"line":218,"column":8},"end":{"line":218,"column":7667}},"30":{"start":{"line":219,"column":12},"end":{"line":219,"column":33}},"31":{"start":{"line":221,"column":8},"end":{"line":221,"column":21}},"32":{"start":{"line":233,"column":8},"end":{"line":233,"column":90}},"33":{"start":{"line":242,"column":8},"end":{"line":242,"column":8227}},"34":{"start":{"line":245,"column":8},"end":{"line":245,"column":8306}},"35":{"start":{"line":248,"column":8},"end":{"line":248,"column":63}},"36":{"start":{"line":252,"column":8},"end":{"line":252,"column":27}},"37":{"start":{"line":262,"column":8},"end":{"line":262,"column":51}}},"branchMap":{"1":{"line":54,"type":"if","locations":[{"start":{"line":54,"column":8},"end":{"line":54,"column":8}},{"start":{"line":54,"column":8},"end":{"line":54,"column":8}}]},"2":{"line":71,"type":"if","locations":[{"start":{"line":71,"column":8},"end":{"line":71,"column":8}},{"start":{"line":71,"column":8},"end":{"line":71,"column":8}}]},"3":{"line":84,"type":"if","locations":[{"start":{"line":84,"column":8},"end":{"line":84,"column":8}},{"start":{"line":84,"column":8},"end":{"line":84,"column":8}}]},"4":{"line":129,"type":"if","locations":[{"start":{"line":129,"column":8},"end":{"line":129,"column":8}},{"start":{"line":129,"column":8},"end":{"line":129,"column":8}}]},"5":{"line":193,"type":"if","locations":[{"start":{"line":193,"column":8},"end":{"line":193,"column":8}},{"start":{"line":193,"column":8},"end":{"line":193,"column":8}}]},"6":{"line":218,"type":"if","locations":[{"start":{"line":218,"column":8},"end":{"line":218,"column":8}},{"start":{"line":218,"column":8},"end":{"line":218,"column":8}}]},"7":{"line":242,"type":"if","locations":[{"start":{"line":242,"column":8},"end":{"line":242,"column":8}},{"start":{"line":242,"column":8},"end":{"line":242,"column":8}}]},"8":{"line":245,"type":"if","locations":[{"start":{"line":245,"column":8},"end":{"line":245,"column":8}},{"start":{"line":245,"column":8},"end":{"line":245,"column":8}}]}}},"contracts/HistoryStorage.sol":{"l":{"27":8,"31":8,"35":87,"39":4,"40":4,"44":4,"45":4,"49":4,"53":4},"path":"/Users/flo/Documents/Evermore/evermore-marketplace-solidity-sc/contracts/HistoryStorage.sol","s":{"1":8,"2":87,"3":4,"4":4,"5":4,"6":4,"7":4,"8":4},"b":{"1":[8,0]},"f":{"1":8,"2":87,"3":4,"4":4,"5":4,"6":4},"fnMap":{"1":{"name":"onlyNFTContract","line":26,"loc":{"start":{"line":26,"column":4},"end":{"line":32,"column":4}}},"2":{"name":"constructor","line":34,"loc":{"start":{"line":34,"column":4},"end":{"line":36,"column":4}}},"3":{"name":"addItemEvent","line":38,"loc":{"start":{"line":38,"column":4},"end":{"line":41,"column":4}}},"4":{"name":"addItemCondition","line":43,"loc":{"start":{"line":43,"column":4},"end":{"line":46,"column":4}}},"5":{"name":"getItemEvents","line":48,"loc":{"start":{"line":48,"column":4},"end":{"line":50,"column":4}}},"6":{"name":"getItemConditions","line":52,"loc":{"start":{"line":52,"column":4},"end":{"line":54,"column":4}}}},"statementMap":{"1":{"start":{"line":27,"column":8},"end":{"line":27,"column":1000}},"2":{"start":{"line":35,"column":8},"end":{"line":35,"column":34}},"3":{"start":{"line":39,"column":8},"end":{"line":39,"column":43}},"4":{"start":{"line":40,"column":8},"end":{"line":40,"column":48}},"5":{"start":{"line":44,"column":8},"end":{"line":44,"column":51}},"6":{"start":{"line":45,"column":8},"end":{"line":45,"column":56}},"7":{"start":{"line":49,"column":8},"end":{"line":49,"column":35}},"8":{"start":{"line":53,"column":8},"end":{"line":53,"column":39}}},"branchMap":{"1":{"line":27,"type":"if","locations":[{"start":{"line":27,"column":8},"end":{"line":27,"column":8}},{"start":{"line":27,"column":8},"end":{"line":27,"column":8}}]}}},"contracts/Marketplace.sol":{"l":{"91":0,"92":0,"93":0,"95":0,"102":21,"103":21,"104":0,"106":21,"110":0,"111":0,"112":0,"114":0,"121":0,"122":0,"123":0,"125":0,"133":0,"134":0,"135":0,"136":0,"138":0,"146":21,"147":21,"148":21,"149":0,"151":21,"172":21,"173":21,"175":21,"176":19,"179":21,"180":21,"182":21,"199":0,"202":0,"203":0,"204":0,"206":0,"207":0,"208":0,"213":0,"214":0,"215":0,"217":0,"218":0,"219":0,"224":0,"242":0,"243":0,"245":0,"246":0,"247":0,"249":0,"250":0,"251":0,"253":0,"266":0,"267":0,"268":0,"285":0,"286":0,"287":0,"288":0,"290":0,"291":0,"295":0,"296":0,"297":0,"300":0,"302":0,"303":0,"304":0,"305":0,"306":0,"325":0,"326":0,"328":0,"329":0,"336":0,"337":0,"338":0,"340":0,"341":0,"342":0,"343":0,"351":0,"352":0,"353":0,"368":0,"369":0,"371":0,"372":0,"373":0,"374":0,"375":0,"376":0,"377":0,"382":0,"383":0,"384":0,"385":0,"386":0,"387":0,"388":0,"389":0,"390":0,"394":0,"402":0,"403":0,"405":0,"406":0,"407":0,"408":0,"409":0,"413":0,"414":0,"415":0,"416":0,"417":0,"418":0,"419":0,"420":0,"423":0,"432":0,"433":0,"435":0,"436":0,"437":0,"438":0,"439":0,"440":0,"441":0,"446":0,"447":0,"448":0,"449":0,"450":0,"451":0,"452":0,"453":0,"454":0,"458":0,"462":0,"470":2,"474":0,"478":0,"482":0},"path":"/Users/flo/Documents/Evermore/evermore-marketplace-solidity-sc/contracts/Marketplace.sol","s":{"1":0,"2":0,"3":21,"4":21,"5":0,"6":0,"7":0,"8":0,"9":0,"10":0,"11":0,"12":21,"13":21,"14":21,"15":21,"16":21,"17":21,"18":19,"19":21,"20":21,"21":21,"22":0,"23":0,"24":0,"25":0,"26":0,"27":0,"28":0,"29":0,"30":0,"31":0,"32":0,"33":0,"34":0,"35":0,"36":0,"37":0,"38":0,"39":0,"40":0,"41":0,"42":0,"43":0,"44":0,"45":0,"46":0,"47":0,"48":0,"49":0,"50":0,"51":0,"52":0,"53":0,"54":0,"55":0,"56":0,"57":0,"58":0,"59":0,"60":0,"61":0,"62":0,"63":0,"64":0,"65":0,"66":0,"67":0,"68":0,"69":0,"70":0,"71":0,"72":0,"73":0,"74":0,"75":0,"76":0,"77":0,"78":0,"79":0,"80":0,"81":0,"82":0,"83":0,"84":0,"85":0,"86":0,"87":0,"88":0,"89":0,"90":0,"91":0,"92":0,"93":0,"94":0,"95":0,"96":0,"97":0,"98":0,"99":0,"100":0,"101":0,"102":0,"103":0,"104":0,"105":0,"106":0,"107":0,"108":0,"109":0,"110":0,"111":0,"112":0,"113":0,"114":0,"115":0,"116":0,"117":0,"118":0,"119":0,"120":0,"121":0,"122":0,"123":2,"124":0,"125":0,"126":0},"b":{"1":[0,0],"2":[0,21],"3":[0,0],"4":[0,0],"5":[0,0],"6":[0,21],"7":[19,2],"8":[0,0],"9":[0,0],"10":[0,0],"11":[0,0],"12":[0,0],"13":[0,0],"14":[0,0],"15":[0,0],"16":[0,0],"17":[0,0],"18":[0,0],"19":[0,0],"20":[0,0],"21":[0,0],"22":[0,0]},"f":{"1":0,"2":21,"3":0,"4":0,"5":0,"6":21,"7":21,"8":0,"9":0,"10":0,"11":0,"12":0,"13":0,"14":0,"15":0,"16":0,"17":0,"18":0,"19":2,"20":0,"21":0,"22":0},"fnMap":{"1":{"name":"isRegistered","line":90,"loc":{"start":{"line":90,"column":4},"end":{"line":96,"column":4}}},"2":{"name":"notRegistered","line":98,"loc":{"start":{"line":98,"column":4},"end":{"line":107,"column":4}}},"3":{"name":"isListed","line":109,"loc":{"start":{"line":109,"column":4},"end":{"line":115,"column":4}}},"4":{"name":"notListed","line":117,"loc":{"start":{"line":117,"column":4},"end":{"line":126,"column":4}}},"5":{"name":"isOwner","line":128,"loc":{"start":{"line":128,"column":4},"end":{"line":139,"column":4}}},"6":{"name":"isOwnerOrContract","line":141,"loc":{"start":{"line":141,"column":4},"end":{"line":152,"column":4}}},"7":{"name":"registerItem","line":169,"loc":{"start":{"line":163,"column":4},"end":{"line":183,"column":4}}},"8":{"name":"unregisterItem","line":196,"loc":{"start":{"line":190,"column":4},"end":{"line":225,"column":4}}},"9":{"name":"listItem","line":240,"loc":{"start":{"line":233,"column":4},"end":{"line":254,"column":4}}},"10":{"name":"cancelListing","line":264,"loc":{"start":{"line":261,"column":4},"end":{"line":269,"column":4}}},"11":{"name":"buyItem","line":283,"loc":{"start":{"line":279,"column":4},"end":{"line":307,"column":4}}},"12":{"name":"updateListing","line":323,"loc":{"start":{"line":315,"column":4},"end":{"line":330,"column":4}}},"13":{"name":"withdrawProceeds","line":335,"loc":{"start":{"line":335,"column":4},"end":{"line":344,"column":4}}},"14":{"name":"setEvermoreFees","line":350,"loc":{"start":{"line":350,"column":4},"end":{"line":354,"column":4}}},"15":{"name":"fetchListedItems","line":367,"loc":{"start":{"line":367,"column":4},"end":{"line":395,"column":4}}},"16":{"name":"fetchAllItems","line":401,"loc":{"start":{"line":401,"column":4},"end":{"line":424,"column":4}}},"17":{"name":"fetchUserItems","line":431,"loc":{"start":{"line":431,"column":4},"end":{"line":459,"column":4}}},"18":{"name":"fetchMyItems","line":461,"loc":{"start":{"line":461,"column":4},"end":{"line":463,"column":4}}},"19":{"name":"getNFTListing","line":465,"loc":{"start":{"line":465,"column":4},"end":{"line":471,"column":4}}},"20":{"name":"getSellerProceeds","line":473,"loc":{"start":{"line":473,"column":4},"end":{"line":475,"column":4}}},"21":{"name":"getMarketplaceFees","line":477,"loc":{"start":{"line":477,"column":4},"end":{"line":479,"column":4}}},"22":{"name":"getKnownNFTAddresses","line":481,"loc":{"start":{"line":481,"column":4},"end":{"line":483,"column":4}}}},"statementMap":{"1":{"start":{"line":91,"column":8},"end":{"line":91,"column":66}},"2":{"start":{"line":92,"column":8},"end":{"line":92,"column":2581}},"3":{"start":{"line":102,"column":8},"end":{"line":102,"column":66}},"4":{"start":{"line":103,"column":8},"end":{"line":103,"column":2868}},"5":{"start":{"line":110,"column":8},"end":{"line":110,"column":66}},"6":{"start":{"line":111,"column":8},"end":{"line":111,"column":3132}},"7":{"start":{"line":121,"column":8},"end":{"line":121,"column":66}},"8":{"start":{"line":122,"column":8},"end":{"line":122,"column":3429}},"9":{"start":{"line":133,"column":8},"end":{"line":133,"column":42}},"10":{"start":{"line":134,"column":8},"end":{"line":134,"column":45}},"11":{"start":{"line":135,"column":8},"end":{"line":135,"column":3774}},"12":{"start":{"line":146,"column":8},"end":{"line":146,"column":42}},"13":{"start":{"line":147,"column":8},"end":{"line":147,"column":45}},"14":{"start":{"line":148,"column":8},"end":{"line":148,"column":4073}},"15":{"start":{"line":172,"column":8},"end":{"line":172,"column":42}},"16":{"start":{"line":173,"column":8},"end":{"line":173,"column":46}},"17":{"start":{"line":175,"column":8},"end":{"line":175,"column":4757}},"18":{"start":{"line":176,"column":12},"end":{"line":176,"column":42}},"19":{"start":{"line":179,"column":8},"end":{"line":179,"column":53}},"20":{"start":{"line":180,"column":8},"end":{"line":180,"column":91}},"21":{"start":{"line":182,"column":8},"end":{"line":182,"column":58}},"22":{"start":{"line":202,"column":8},"end":{"line":202,"column":68}},"23":{"start":{"line":203,"column":8},"end":{"line":203,"column":5751}},"24":{"start":{"line":204,"column":12},"end":{"line":204,"column":5815}},"25":{"start":{"line":206,"column":16},"end":{"line":206,"column":58}},"26":{"start":{"line":207,"column":16},"end":{"line":207,"column":29}},"27":{"start":{"line":213,"column":8},"end":{"line":213,"column":6148}},"28":{"start":{"line":214,"column":12},"end":{"line":214,"column":6192}},"29":{"start":{"line":215,"column":16},"end":{"line":215,"column":6265}},"30":{"start":{"line":217,"column":20},"end":{"line":217,"column":77}},"31":{"start":{"line":218,"column":20},"end":{"line":218,"column":38}},"32":{"start":{"line":224,"column":8},"end":{"line":224,"column":64}},"33":{"start":{"line":242,"column":8},"end":{"line":242,"column":7077}},"34":{"start":{"line":245,"column":8},"end":{"line":245,"column":42}},"35":{"start":{"line":246,"column":8},"end":{"line":246,"column":7201}},"36":{"start":{"line":249,"column":8},"end":{"line":249,"column":70}},"37":{"start":{"line":250,"column":8},"end":{"line":250,"column":40}},"38":{"start":{"line":251,"column":8},"end":{"line":251,"column":32}},"39":{"start":{"line":253,"column":8},"end":{"line":253,"column":66}},"40":{"start":{"line":266,"column":8},"end":{"line":266,"column":70}},"41":{"start":{"line":267,"column":8},"end":{"line":267,"column":41}},"42":{"start":{"line":268,"column":8},"end":{"line":268,"column":60}},"43":{"start":{"line":285,"column":8},"end":{"line":285,"column":70}},"44":{"start":{"line":286,"column":8},"end":{"line":286,"column":42}},"45":{"start":{"line":287,"column":8},"end":{"line":287,"column":8686}},"46":{"start":{"line":290,"column":8},"end":{"line":290,"column":8813}},"47":{"start":{"line":295,"column":8},"end":{"line":295,"column":54}},"48":{"start":{"line":296,"column":8},"end":{"line":296,"column":57}},"49":{"start":{"line":297,"column":8},"end":{"line":297,"column":90}},"50":{"start":{"line":300,"column":8},"end":{"line":300,"column":90}},"51":{"start":{"line":302,"column":8},"end":{"line":302,"column":90}},"52":{"start":{"line":303,"column":8},"end":{"line":303,"column":41}},"53":{"start":{"line":304,"column":8},"end":{"line":304,"column":37}},"54":{"start":{"line":305,"column":8},"end":{"line":305,"column":50}},"55":{"start":{"line":306,"column":8},"end":{"line":306,"column":76}},"56":{"start":{"line":325,"column":8},"end":{"line":325,"column":10053}},"57":{"start":{"line":328,"column":8},"end":{"line":328,"column":58}},"58":{"start":{"line":329,"column":8},"end":{"line":329,"column":69}},"59":{"start":{"line":336,"column":8},"end":{"line":336,"column":49}},"60":{"start":{"line":337,"column":8},"end":{"line":337,"column":10442}},"61":{"start":{"line":340,"column":8},"end":{"line":340,"column":33}},"62":{"start":{"line":341,"column":8},"end":{"line":341,"column":72}},"63":{"start":{"line":342,"column":8},"end":{"line":342,"column":42}},"64":{"start":{"line":343,"column":8},"end":{"line":343,"column":42}},"65":{"start":{"line":351,"column":8},"end":{"line":351,"column":61}},"66":{"start":{"line":352,"column":8},"end":{"line":352,"column":31}},"67":{"start":{"line":353,"column":8},"end":{"line":353,"column":22}},"68":{"start":{"line":368,"column":6},"end":{"line":368,"column":27}},"69":{"start":{"line":369,"column":6},"end":{"line":369,"column":30}},"70":{"start":{"line":371,"column":6},"end":{"line":371,"column":11462}},"71":{"start":{"line":372,"column":8},"end":{"line":372,"column":46}},"72":{"start":{"line":373,"column":8},"end":{"line":373,"column":62}},"73":{"start":{"line":374,"column":8},"end":{"line":374,"column":11637}},"74":{"start":{"line":375,"column":10},"end":{"line":375,"column":66}},"75":{"start":{"line":376,"column":10},"end":{"line":376,"column":11757}},"76":{"start":{"line":377,"column":12},"end":{"line":377,"column":25}},"77":{"start":{"line":382,"column":6},"end":{"line":382,"column":61}},"78":{"start":{"line":383,"column":6},"end":{"line":383,"column":11912}},"79":{"start":{"line":384,"column":8},"end":{"line":384,"column":46}},"80":{"start":{"line":385,"column":8},"end":{"line":385,"column":62}},"81":{"start":{"line":386,"column":8},"end":{"line":386,"column":12087}},"82":{"start":{"line":387,"column":10},"end":{"line":387,"column":66}},"83":{"start":{"line":388,"column":10},"end":{"line":388,"column":12210}},"84":{"start":{"line":389,"column":12},"end":{"line":389,"column":46}},"85":{"start":{"line":390,"column":12},"end":{"line":390,"column":28}},"86":{"start":{"line":394,"column":6},"end":{"line":394,"column":24}},"87":{"start":{"line":402,"column":6},"end":{"line":402,"column":27}},"88":{"start":{"line":403,"column":6},"end":{"line":403,"column":30}},"89":{"start":{"line":405,"column":6},"end":{"line":405,"column":12636}},"90":{"start":{"line":406,"column":8},"end":{"line":406,"column":46}},"91":{"start":{"line":407,"column":8},"end":{"line":407,"column":62}},"92":{"start":{"line":408,"column":8},"end":{"line":408,"column":12811}},"93":{"start":{"line":409,"column":10},"end":{"line":409,"column":23}},"94":{"start":{"line":413,"column":6},"end":{"line":413,"column":56}},"95":{"start":{"line":414,"column":6},"end":{"line":414,"column":12958}},"96":{"start":{"line":415,"column":8},"end":{"line":415,"column":46}},"97":{"start":{"line":416,"column":8},"end":{"line":416,"column":62}},"98":{"start":{"line":417,"column":8},"end":{"line":417,"column":13133}},"99":{"start":{"line":418,"column":10},"end":{"line":418,"column":66}},"100":{"start":{"line":419,"column":10},"end":{"line":419,"column":39}},"101":{"start":{"line":420,"column":10},"end":{"line":420,"column":26}},"102":{"start":{"line":423,"column":6},"end":{"line":423,"column":19}},"103":{"start":{"line":432,"column":6},"end":{"line":432,"column":27}},"104":{"start":{"line":433,"column":6},"end":{"line":433,"column":30}},"105":{"start":{"line":435,"column":6},"end":{"line":435,"column":13680}},"106":{"start":{"line":436,"column":8},"end":{"line":436,"column":46}},"107":{"start":{"line":437,"column":8},"end":{"line":437,"column":62}},"108":{"start":{"line":438,"column":8},"end":{"line":438,"column":13855}},"109":{"start":{"line":439,"column":10},"end":{"line":439,"column":66}},"110":{"start":{"line":440,"column":10},"end":{"line":440,"column":13975}},"111":{"start":{"line":441,"column":12},"end":{"line":441,"column":25}},"112":{"start":{"line":446,"column":6},"end":{"line":446,"column":56}},"113":{"start":{"line":447,"column":6},"end":{"line":447,"column":14132}},"114":{"start":{"line":448,"column":8},"end":{"line":448,"column":46}},"115":{"start":{"line":449,"column":8},"end":{"line":449,"column":62}},"116":{"start":{"line":450,"column":8},"end":{"line":450,"column":14307}},"117":{"start":{"line":451,"column":10},"end":{"line":451,"column":66}},"118":{"start":{"line":452,"column":10},"end":{"line":452,"column":14430}},"119":{"start":{"line":453,"column":10},"end":{"line":453,"column":39}},"120":{"start":{"line":454,"column":12},"end":{"line":454,"column":28}},"121":{"start":{"line":458,"column":6},"end":{"line":458,"column":19}},"122":{"start":{"line":462,"column":6},"end":{"line":462,"column":39}},"123":{"start":{"line":470,"column":8},"end":{"line":470,"column":48}},"124":{"start":{"line":474,"column":8},"end":{"line":474,"column":34}},"125":{"start":{"line":478,"column":8},"end":{"line":478,"column":28}},"126":{"start":{"line":482,"column":8},"end":{"line":482,"column":28}}},"branchMap":{"1":{"line":92,"type":"if","locations":[{"start":{"line":92,"column":8},"end":{"line":92,"column":8}},{"start":{"line":92,"column":8},"end":{"line":92,"column":8}}]},"2":{"line":103,"type":"if","locations":[{"start":{"line":103,"column":8},"end":{"line":103,"column":8}},{"start":{"line":103,"column":8},"end":{"line":103,"column":8}}]},"3":{"line":111,"type":"if","locations":[{"start":{"line":111,"column":8},"end":{"line":111,"column":8}},{"start":{"line":111,"column":8},"end":{"line":111,"column":8}}]},"4":{"line":122,"type":"if","locations":[{"start":{"line":122,"column":8},"end":{"line":122,"column":8}},{"start":{"line":122,"column":8},"end":{"line":122,"column":8}}]},"5":{"line":135,"type":"if","locations":[{"start":{"line":135,"column":8},"end":{"line":135,"column":8}},{"start":{"line":135,"column":8},"end":{"line":135,"column":8}}]},"6":{"line":148,"type":"if","locations":[{"start":{"line":148,"column":8},"end":{"line":148,"column":8}},{"start":{"line":148,"column":8},"end":{"line":148,"column":8}}]},"7":{"line":175,"type":"if","locations":[{"start":{"line":175,"column":8},"end":{"line":175,"column":8}},{"start":{"line":175,"column":8},"end":{"line":175,"column":8}}]},"8":{"line":204,"type":"if","locations":[{"start":{"line":204,"column":12},"end":{"line":204,"column":12}},{"start":{"line":204,"column":12},"end":{"line":204,"column":12}}]},"9":{"line":213,"type":"if","locations":[{"start":{"line":213,"column":8},"end":{"line":213,"column":8}},{"start":{"line":213,"column":8},"end":{"line":213,"column":8}}]},"10":{"line":215,"type":"if","locations":[{"start":{"line":215,"column":16},"end":{"line":215,"column":16}},{"start":{"line":215,"column":16},"end":{"line":215,"column":16}}]},"11":{"line":242,"type":"if","locations":[{"start":{"line":242,"column":8},"end":{"line":242,"column":8}},{"start":{"line":242,"column":8},"end":{"line":242,"column":8}}]},"12":{"line":246,"type":"if","locations":[{"start":{"line":246,"column":8},"end":{"line":246,"column":8}},{"start":{"line":246,"column":8},"end":{"line":246,"column":8}}]},"13":{"line":287,"type":"if","locations":[{"start":{"line":287,"column":8},"end":{"line":287,"column":8}},{"start":{"line":287,"column":8},"end":{"line":287,"column":8}}]},"14":{"line":290,"type":"if","locations":[{"start":{"line":290,"column":8},"end":{"line":290,"column":8}},{"start":{"line":290,"column":8},"end":{"line":290,"column":8}}]},"15":{"line":325,"type":"if","locations":[{"start":{"line":325,"column":8},"end":{"line":325,"column":8}},{"start":{"line":325,"column":8},"end":{"line":325,"column":8}}]},"16":{"line":337,"type":"if","locations":[{"start":{"line":337,"column":8},"end":{"line":337,"column":8}},{"start":{"line":337,"column":8},"end":{"line":337,"column":8}}]},"17":{"line":342,"type":"if","locations":[{"start":{"line":342,"column":8},"end":{"line":342,"column":8}},{"start":{"line":342,"column":8},"end":{"line":342,"column":8}}]},"18":{"line":351,"type":"if","locations":[{"start":{"line":351,"column":8},"end":{"line":351,"column":8}},{"start":{"line":351,"column":8},"end":{"line":351,"column":8}}]},"19":{"line":376,"type":"if","locations":[{"start":{"line":376,"column":10},"end":{"line":376,"column":10}},{"start":{"line":376,"column":10},"end":{"line":376,"column":10}}]},"20":{"line":388,"type":"if","locations":[{"start":{"line":388,"column":10},"end":{"line":388,"column":10}},{"start":{"line":388,"column":10},"end":{"line":388,"column":10}}]},"21":{"line":440,"type":"if","locations":[{"start":{"line":440,"column":10},"end":{"line":440,"column":10}},{"start":{"line":440,"column":10},"end":{"line":440,"column":10}}]},"22":{"line":452,"type":"if","locations":[{"start":{"line":452,"column":10},"end":{"line":452,"column":10}},{"start":{"line":452,"column":10},"end":{"line":452,"column":10}}]}}},"contracts/mocks/ERC721LocakbleMock.sol":{"l":{"11":18,"12":3,"17":4,"21":2,"25":2},"path":"/Users/flo/Documents/Evermore/evermore-marketplace-solidity-sc/contracts/mocks/ERC721LocakbleMock.sol","s":{"1":18,"2":3,"3":4,"4":2,"5":2},"b":{"1":[3,15]},"f":{"1":18,"2":4,"3":2,"4":2},"fnMap":{"1":{"name":"constructor","line":10,"loc":{"start":{"line":10,"column":4},"end":{"line":14,"column":4}}},"2":{"name":"lockNFT","line":16,"loc":{"start":{"line":16,"column":4},"end":{"line":18,"column":4}}},"3":{"name":"unlockNFT","line":20,"loc":{"start":{"line":20,"column":4},"end":{"line":22,"column":4}}},"4":{"name":"mint","line":24,"loc":{"start":{"line":24,"column":4},"end":{"line":26,"column":4}}}},"statementMap":{"1":{"start":{"line":11,"column":8},"end":{"line":11,"column":268}},"2":{"start":{"line":12,"column":12},"end":{"line":12,"column":37}},"3":{"start":{"line":17,"column":8},"end":{"line":17,"column":24}},"4":{"start":{"line":21,"column":8},"end":{"line":21,"column":26}},"5":{"start":{"line":25,"column":8},"end":{"line":25,"column":29}}},"branchMap":{"1":{"line":11,"type":"if","locations":[{"start":{"line":11,"column":8},"end":{"line":11,"column":8}},{"start":{"line":11,"column":8},"end":{"line":11,"column":8}}]}}},"contracts/mocks/ERC721MarketplaceLinkMock.sol":{"l":{"10":15,"14":2,"15":2,"19":1},"path":"/Users/flo/Documents/Evermore/evermore-marketplace-solidity-sc/contracts/mocks/ERC721MarketplaceLinkMock.sol","s":{"1":15,"2":2,"3":2,"4":1},"b":{},"f":{"1":15,"2":2,"3":1},"fnMap":{"1":{"name":"constructor","line":9,"loc":{"start":{"line":9,"column":4},"end":{"line":11,"column":4}}},"2":{"name":"mint","line":13,"loc":{"start":{"line":13,"column":4},"end":{"line":16,"column":4}}},"3":{"name":"setMarketplaceAddress","line":18,"loc":{"start":{"line":18,"column":4},"end":{"line":20,"column":4}}}},"statementMap":{"1":{"start":{"line":10,"column":8},"end":{"line":10,"column":53}},"2":{"start":{"line":14,"column":8},"end":{"line":14,"column":29}},"3":{"start":{"line":15,"column":8},"end":{"line":15,"column":38}},"4":{"start":{"line":19,"column":8},"end":{"line":19,"column":53}}},"branchMap":{}},"contracts/mocks/ERC721UIDMock.sol":{"l":{"10":6,"14":0},"path":"/Users/flo/Documents/Evermore/evermore-marketplace-solidity-sc/contracts/mocks/ERC721UIDMock.sol","s":{"1":6,"2":0},"b":{},"f":{"1":6,"2":0},"fnMap":{"1":{"name":"constructor","line":9,"loc":{"start":{"line":9,"column":4},"end":{"line":11,"column":4}}},"2":{"name":"mint","line":13,"loc":{"start":{"line":13,"column":4},"end":{"line":15,"column":4}}}},"statementMap":{"1":{"start":{"line":10,"column":8},"end":{"line":10,"column":28}},"2":{"start":{"line":14,"column":8},"end":{"line":14,"column":29}}},"branchMap":{}},"contracts/mocks/EvermoreNFTMock.sol":{"l":{"14":1},"path":"/Users/flo/Documents/Evermore/evermore-marketplace-solidity-sc/contracts/mocks/EvermoreNFTMock.sol","s":{"1":1},"b":{},"f":{"1":3,"2":1},"fnMap":{"1":{"name":"constructor","line":11,"loc":{"start":{"line":9,"column":2},"end":{"line":11,"column":55}}},"2":{"name":"beforeTokenTransfer","line":13,"loc":{"start":{"line":13,"column":2},"end":{"line":15,"column":2}}}},"statementMap":{"1":{"start":{"line":14,"column":4},"end":{"line":14,"column":53}}},"branchMap":{}},"contracts/SignatureLibrary.sol":{"l":{"11":23,"12":23},"path":"/Users/flo/Documents/Evermore/evermore-marketplace-solidity-sc/contracts/SignatureLibrary.sol","s":{"1":23,"2":23},"b":{},"f":{"1":23},"fnMap":{"1":{"name":"recoverSigner","line":10,"loc":{"start":{"line":10,"column":2},"end":{"line":13,"column":4}}}},"statementMap":{"1":{"start":{"line":11,"column":8},"end":{"line":11,"column":101}},"2":{"start":{"line":12,"column":8},"end":{"line":12,"column":54}}},"branchMap":{}}}